2022-05-15 23:03:32.022  INFO 52240 --- [main] lavalink.server.Launcher                 : 

[32m       .  [31m _                  _ _       _    [32m__ _ _
[32m      /\\ [31m| | __ ___   ____ _| (_)_ __ | | __[32m\ \ \ \
[32m     ( ( )[31m| |/ _` \ \ / / _` | | | '_ \| |/ /[32m \ \ \ \
[32m      \\/ [31m| | (_| |\ V / (_| | | | | | |   < [32m  ) ) ) )
[32m       '  [31m|_|\__,_| \_/ \__,_|_|_|_| |_|_|\_\[32m / / / /
[0m    =========================================[32m/_/_/_/[0m

	Version:        3.4
	Build:          1257
	Build time:     26.10.2021 14:18:37 UTC
	Branch          master
	Commit:         a364833
	Commit time:    26.10.2021 14:15:20 UTC
	JVM:            13.0.2
	Lavaplayer      1.3.96-original

2022-05-15 23:03:32.048  INFO 52240 --- [main] o.s.boot.SpringApplication               : 
  .   ____          _            __ _ _
 /\\ / ___'_ __ _ _(_)_ __  __ _ \ \ \ \
( ( )\___ | '_ | '_| | '_ \/ _` | \ \ \ \
 \\/  ___)| |_)| | | | | || (_| |  ) ) ) )
  '  |____| .__|_| |_|_| |_\__, | / / / /
 =========|_|==============|___/=/_/_/_/
 :: Spring Boot ::        (v2.1.8.RELEASE)


2022-05-15 23:03:32.118  INFO 52240 --- [main] lavalink.server.Launcher                 : Starting Launcher on Trake with PID 52240 (C:\Users\Tarek\Documents\GitHub\Yokai-bot-v2\Lavalink.jar started by Tarek in C:\Users\Tarek\Documents\GitHub\Yokai-bot-v2)
2022-05-15 23:03:32.119  INFO 52240 --- [main] lavalink.server.Launcher                 : No active profile set, falling back to default profiles: default
2022-05-15 23:03:32.166  WARN 52240 --- [background-preinit] o.s.h.c.j.Jackson2ObjectMapperBuilder    : For Jackson Kotlin classes support please add "com.fasterxml.jackson.module:jackson-module-kotlin" to the classpath
2022-05-15 23:03:33.027  WARN 52240 --- [main] io.undertow.websockets.jsr               : UT026010: Buffer pool was not set on WebSocketDeploymentInfo, the default pool will be used
2022-05-15 23:03:33.046  INFO 52240 --- [main] io.undertow.servlet                      : Initializing Spring embedded WebApplicationContext
2022-05-15 23:03:33.047  INFO 52240 --- [main] o.s.web.context.ContextLoader            : Root WebApplicationContext: initialization completed in 898 ms
2022-05-15 23:03:33.311  WARN 52240 --- [main] l.server.config.SentryConfiguration      : Turning off sentry
2022-05-15 23:03:33.512  INFO 52240 --- [main] c.s.d.l.tools.GarbageCollectionMonitor   : GC monitoring enabled, reporting results every 2 minutes.
2022-05-15 23:03:33.709  INFO 52240 --- [main] lavalink.server.config.KoeConfiguration  : OS: Windows 10, Arch: amd64
2022-05-15 23:03:33.710  WARN 52240 --- [main] lavalink.server.config.KoeConfiguration  : This system and architecture appears to not support native audio sending! GC pauses may cause your bot to stutter during playback.
2022-05-15 23:03:33.898  INFO 52240 --- [main] o.s.s.concurrent.ThreadPoolTaskExecutor  : Initializing ExecutorService 'applicationTaskExecutor'
2022-05-15 23:03:34.142  INFO 52240 --- [main] org.xnio                                 : XNIO version 3.3.8.Final
2022-05-15 23:03:34.153  INFO 52240 --- [main] org.xnio.nio                             : XNIO NIO Implementation Version 3.3.8.Final
2022-05-15 23:03:34.201  INFO 52240 --- [main] o.s.b.w.e.u.UndertowServletWebServer     : Undertow started on port(s) 2333 (http) with context path ''
2022-05-15 23:03:34.205  INFO 52240 --- [main] lavalink.server.Launcher                 : Started Launcher in 2.481 seconds (JVM running for 2.753)
2022-05-15 23:03:34.206  INFO 52240 --- [main] lavalink.server.Launcher                 : You can safely ignore the big red warning about illegal reflection. See https://github.com/freyacodes/Lavalink/issues/295
